#
# A fatal error has been detected by the Java Runtime Environment:
#
#  EXCEPTION_ACCESS_VIOLATION (0xc0000005) at pc=0x65534c5f, pid=5436, tid=1728
#
# JRE version: Java(TM) SE Runtime Environment (7.0_60-b19) (build 1.7.0_60-b19)
# Java VM: Java HotSpot(TM) Client VM (24.60-b09 mixed mode windows-x86 )
# Problematic frame:
# V  [jvm.dll+0x34c5f]
#
# Failed to write core dump. Minidumps are not enabled by default on client versions of Windows
#
# If you would like to submit a bug report, please visit:
#   http://bugreport.sun.com/bugreport/crash.jsp
#

---------------  T H R E A D  ---------------

Current thread (0x00bb4400):  JavaThread "JDWP Transport Listener: dt_socket" daemon [_thread_in_vm, id=1728, stack(0x18240000,0x18290000)]

siginfo: ExceptionCode=0xc0000005, reading address 0x00000024

Registers:
EAX=0x13e0e660, EBX=0x000001c7, ECX=0x00000008, EDX=0x00000024
ESP=0x1828f9f8, EBP=0x1828f9f8, ESI=0x03ed5b08, EDI=0x0087ed78
EIP=0x65534c5f, EFLAGS=0x00010202

Top of Stack: (sp=0x1828f9f8)
0x1828f9f8:   1828fa24 6570b229 13e0e660 00000000
0x1828fa08:   67da2f80 00bb4400 00000000 00000000
0x1828fa18:   00000000 00bb4400 00bb4400 1828fa44
0x1828fa28:   67d99b57 0087ed78 00c261f4 1828fa40
0x1828fa38:   00000000 00c261f4 00bf3548 1828fa78
0x1828fa48:   67d878d2 00c261f4 1828fa88 1828fac4
0x1828fa58:   00c22990 00c22990 00bb4530 00000000
0x1828fa68:   0000023a 00bf3548 00000000 00c28120 

Instructions: (pc=0x65534c5f)
0x65534c3f:   88 04 0a 5d c3 cc cc cc cc cc cc cc cc cc cc cc
0x65534c4f:   cc 55 8b ec 8b 45 08 8b 49 04 8b 50 10 83 c1 08
0x65534c5f:   39 44 0a f8 75 06 b0 01 5d c2 04 00 83 fa 18 74
0x65534c6f:   06 32 c0 5d c2 04 00 50 e8 24 cf 07 00 5d c2 04 


Register to memory mapping:

EAX=0x13e0e660 is an oop
{instance class} 
 - klass: {other class}
EBX=0x000001c7 is an unknown value
ECX=0x00000008 is an unknown value
EDX=0x00000024 is an unknown value
ESP=0x1828f9f8 is pointing into the stack for thread: 0x00bb4400
EBP=0x1828f9f8 is pointing into the stack for thread: 0x00bb4400
ESI=
[error occurred during error reporting (printing register info), id 0xc0000005]

Stack: [0x18240000,0x18290000],  sp=0x1828f9f8,  free space=318k
Native frames: (J=compiled Java code, j=interpreted, Vv=VM code, C=native code)
V  [jvm.dll+0x34c5f]
V  [jvm.dll+0x20b229]
C  [jdwp.dll+0x19b57]
C  [jdwp.dll+0x78d2]
C  [jdwp.dll+0xbd27]


---------------  P R O C E S S  ---------------

Java Threads: ( => current thread )
  0x00bd3400 JavaThread "Service Thread" daemon [_thread_blocked, id=5792, stack(0x18470000,0x184c0000)]
  0x00bc8400 JavaThread "C1 CompilerThread0" daemon [_thread_blocked, id=5880, stack(0x18380000,0x183d0000)]
  0x00bb7c00 JavaThread "JDWP Command Reader" daemon [_thread_in_native, id=5784, stack(0x182e0000,0x18330000)]
  0x00bb6800 JavaThread "JDWP Event Helper Thread" daemon [_thread_blocked, id=5256, stack(0x18290000,0x182e0000)]
=>0x00bb4400 JavaThread "JDWP Transport Listener: dt_socket" daemon [_thread_in_vm, id=1728, stack(0x18240000,0x18290000)]
  0x00ba8800 JavaThread "Attach Listener" daemon [_thread_blocked, id=4688, stack(0x03cb0000,0x03d00000)]
  0x00ba5400 JavaThread "Signal Dispatcher" daemon [_thread_blocked, id=2636, stack(0x00e50000,0x00ea0000)]
  0x00b77000 JavaThread "Finalizer" daemon [_thread_blocked, id=4872, stack(0x00f30000,0x00f80000)]
  0x00b72000 JavaThread "Reference Handler" daemon [_thread_blocked, id=4476, stack(0x00ee0000,0x00f30000)]
  0x0047cc00 JavaThread "main" [_thread_blocked, id=992, stack(0x004c0000,0x00510000)]

Other Threads:
  0x00b6f800 VMThread [stack: 0x00d60000,0x00db0000] [id=1220]
  0x00bd4c00 WatcherThread [stack: 0x18110000,0x18160000] [id=6068]

VM state:not at safepoint (normal execution)

VM Mutex/Monitor currently owned by a thread: None

Heap
 def new generation   total 4928K, used 908K [0x03e00000, 0x04350000, 0x09350000)
  eden space 4416K,  20% used [0x03e00000, 0x03ee3140, 0x04250000)
  from space 512K,   0% used [0x04250000, 0x04250000, 0x042d0000)
  to   space 512K,   0% used [0x042d0000, 0x042d0000, 0x04350000)
 tenured generation   total 10944K, used 0K [0x09350000, 0x09e00000, 0x13e00000)
   the space 10944K,   0% used [0x09350000, 0x09350000, 0x09350200, 0x09e00000)
 compacting perm gen  total 12288K, used 1960K [0x13e00000, 0x14a00000, 0x17e00000)
   the space 12288K,  15% used [0x13e00000, 0x13fea348, 0x13fea400, 0x14a00000)
No shared spaces configured.

Card table byte_map: [0x00a50000,0x00b00000] byte_map_base: 0x00a31000

Polling page: 0x00460000

Code Cache  [0x01c60000, 0x01d00000, 0x03c60000)
 total_blobs=151 nmethods=28 adapters=69 free_code_cache=32151Kb largest_free_block=32922624

Compilation events (10 events):
Event: 3.230 Thread 0x00bc8400   24             java.lang.Character::isHighSurrogate (18 bytes)
Event: 3.230 Thread 0x00bc8400 nmethod 24 0x01cf9708 code [0x01cf9800, 0x01cf98a0]
Event: 3.230 Thread 0x00bc8400   25             java.lang.Character::charCount (12 bytes)
Event: 3.230 Thread 0x00bc8400 nmethod 25 0x01cf9908 code [0x01cf9a00, 0x01cf9a80]
Event: 3.230 Thread 0x00bc8400   26             java.lang.String::codePointAt (36 bytes)
Event: 3.231 Thread 0x00bc8400 nmethod 26 0x01cf9ac8 code [0x01cf9be0, 0x01cf9d18]
Event: 3.231 Thread 0x00bc8400   27             java.lang.Character::codePointAtImpl (41 bytes)
Event: 3.231 Thread 0x00bc8400 nmethod 27 0x01cf9e08 code [0x01cf9f00, 0x01cfa030]
Event: 3.231 Thread 0x00bc8400   28             java.util.regex.Pattern::peek (26 bytes)
Event: 3.231 Thread 0x00bc8400 nmethod 28 0x01cfa148 code [0x01cfa250, 0x01cfa32c]

GC Heap History (0 events):
No events

Deoptimization events (0 events):
No events

Internal exceptions (7 events):
Event: 0.119 Thread 0x0047cc00 Threw 0x03e0a8f0 at C:\re\jdk7u60\1081\hotspot\src\share\vm\prims\jni.cpp:3991
Event: 0.222 Thread 0x0047cc00 Threw 0x03e77520 at C:\re\jdk7u60\1081\hotspot\src\share\vm\prims\jvm.cpp:1244
Event: 0.234 Thread 0x0047cc00 Threw 0x03ea7488 at C:\re\jdk7u60\1081\hotspot\src\share\vm\prims\jvm.cpp:1244
Event: 0.234 Thread 0x0047cc00 Threw 0x03ea75a0 at C:\re\jdk7u60\1081\hotspot\src\share\vm\prims\jvm.cpp:1244
Event: 0.235 Thread 0x0047cc00 Threw 0x03eaa780 at C:\re\jdk7u60\1081\hotspot\src\share\vm\prims\jvm.cpp:1244
Event: 0.235 Thread 0x0047cc00 Threw 0x03eaa898 at C:\re\jdk7u60\1081\hotspot\src\share\vm\prims\jvm.cpp:1244
Event: 0.240 Thread 0x0047cc00 Threw 0x03eb6b10 at C:\re\jdk7u60\1081\hotspot\src\share\vm\prims\jvm.cpp:1244

Events (10 events):
Event: 371.436 Executing VM operation: RedefineClasses
Event: 371.437 Executing VM operation: RedefineClasses done
Event: 2175.911 Executing VM operation: GetCurrentLocation
Event: 2175.911 Executing VM operation: GetCurrentLocation done
Event: 2175.911 Executing VM operation: EnterInterpOnlyMode
Event: 2175.911 Executing VM operation: EnterInterpOnlyMode done
Event: 2175.911 Executing VM operation: ChangeSingleStep
Event: 2175.911 Executing VM operation: ChangeSingleStep done
Event: 2175.911 Executing VM operation: ChangeSingleStep
Event: 2175.911 Executing VM operation: ChangeSingleStep done


Dynamic libraries:
0x01030000 - 0x0105f000 	C:\Program Files\Java\jre7\bin\javaw.exe
0x76e70000 - 0x76fac000 	C:\Windows\SYSTEM32\ntdll.dll
0x75350000 - 0x75424000 	C:\Windows\system32\kernel32.dll
0x75190000 - 0x751da000 	C:\Windows\system32\KERNELBASE.dll
0x76ab0000 - 0x76b50000 	C:\Windows\system32\ADVAPI32.dll
0x75510000 - 0x755bc000 	C:\Windows\system32\msvcrt.dll
0x76fc0000 - 0x76fd9000 	C:\Windows\SYSTEM32\sechost.dll
0x76d60000 - 0x76e01000 	C:\Windows\system32\RPCRT4.dll
0x75440000 - 0x75509000 	C:\Windows\system32\USER32.dll
0x769d0000 - 0x76a1e000 	C:\Windows\system32\GDI32.dll
0x75430000 - 0x7543a000 	C:\Windows\system32\LPK.dll
0x757f0000 - 0x7588d000 	C:\Windows\system32\USP10.dll
0x73d00000 - 0x73e9e000 	C:\Windows\WinSxS\x86_microsoft.windows.common-controls_6595b64144ccf1df_6.0.7601.17514_none_41e6975e2bd6f2b2\COMCTL32.dll
0x76e10000 - 0x76e67000 	C:\Windows\system32\SHLWAPI.dll
0x75bf0000 - 0x75c0f000 	C:\Windows\system32\IMM32.DLL
0x76b50000 - 0x76c1c000 	C:\Windows\system32\MSCTF.dll
0x65e40000 - 0x65eff000 	C:\Program Files\Java\jre7\bin\msvcr100.dll
0x65500000 - 0x65888000 	C:\Program Files\Java\jre7\bin\client\jvm.dll
0x72c40000 - 0x72c47000 	C:\Windows\system32\WSOCK32.dll
0x75890000 - 0x758c5000 	C:\Windows\system32\WS2_32.dll
0x76fe0000 - 0x76fe6000 	C:\Windows\system32\NSI.dll
0x737f0000 - 0x73822000 	C:\Windows\system32\WINMM.dll
0x75c10000 - 0x75c15000 	C:\Windows\system32\PSAPI.DLL
0x733a0000 - 0x733ac000 	C:\Program Files\Java\jre7\bin\verify.dll
0x71140000 - 0x71160000 	C:\Program Files\Java\jre7\bin\java.dll
0x67d80000 - 0x67daa000 	C:\Program Files\Java\jre7\bin\jdwp.dll
0x6cdc0000 - 0x6cdc7000 	C:\Program Files\Java\jre7\bin\npt.dll
0x6ce00000 - 0x6ce13000 	C:\Program Files\Java\jre7\bin\zip.dll
0x6ccf0000 - 0x6ccf8000 	C:\Program Files\Java\jre7\bin\dt_socket.dll
0x737e0000 - 0x737f0000 	C:\Windows\system32\NLAapi.dll
0x734c0000 - 0x734d0000 	C:\Windows\system32\napinsp.dll
0x73460000 - 0x73472000 	C:\Windows\system32\pnrpnsp.dll
0x74a30000 - 0x74a6c000 	C:\Windows\System32\mswsock.dll
0x748f0000 - 0x74934000 	C:\Windows\system32\DNSAPI.dll
0x73450000 - 0x73458000 	C:\Windows\System32\winrnr.dll
0x73440000 - 0x7344d000 	C:\Windows\system32\wshbth.dll
0x72fb0000 - 0x72fcc000 	C:\Windows\system32\IPHLPAPI.DLL
0x72d70000 - 0x72d77000 	C:\Windows\system32\WINNSI.DLL
0x72b40000 - 0x72b78000 	C:\Windows\System32\fwpuclnt.dll
0x70dc0000 - 0x70dc6000 	C:\Windows\system32\rasadhlp.dll
0x74550000 - 0x74555000 	C:\Windows\System32\wshtcpip.dll
0x618f0000 - 0x619db000 	C:\Windows\system32\dbghelp.dll

VM Arguments:
jvm_args: -agentlib:jdwp=transport=dt_socket,suspend=y,address=localhost:52920 -Dfile.encoding=Cp1252 
java_command: UI.MainUIinText
Launcher Type: SUN_STANDARD

Environment Variables:
PATH=C:/Program Files/Java/jre7/bin/client;C:/Program Files/Java/jre7/bin;C:/Program Files/Java/jre7/lib/i386;C:\Windows\system32;C:\Windows;C:\Windows\System32\Wbem;C:\Windows\System32\WindowsPowerShell\v1.0\;C:\Users\Shinn\Documents\eclipse-java-kepler-SR2-win32\eclipse;
USERNAME=Shinn
OS=Windows_NT
PROCESSOR_IDENTIFIER=x86 Family 6 Model 42 Stepping 7, GenuineIntel



---------------  S Y S T E M  ---------------

OS: Windows 7 Build 7601 Service Pack 1

CPU:total 4 (2 cores per cpu, 2 threads per core) family 6 model 42 stepping 7, cmov, cx8, fxsr, mmx, sse, sse2, sse3, ssse3, sse4.1, sse4.2, popcnt, avx, aes, ht, tsc, tscinvbit

Memory: 4k page, physical 2269936k(184768k free), swap 4538116k(1662488k free)

vm_info: Java HotSpot(TM) Client VM (24.60-b09) for windows-x86 JRE (1.7.0_60-b19), built on May  7 2014 13:09:52 by "java_re" with unknown MS VC++:1600

time: Sat Oct 11 20:38:10 2014
elapsed time: 2175 seconds

